<?xml version="1.0" encoding="UTF-8"?>
<robot generator="Robot 6.0.2 (Python 3.10.6 on win32)" generated="20230331 10:46:26.748" rpa="false" schemaversion="3">
<suite id="s1" name="Suites">
<suite id="s1-s1" name="SecondScript" source="C:\Users\Farasat Aziz\PycharmProjects\RTL\TestCases\SecondScript.robot">
<test id="s1-s1-t1" name="Login Test Case" line="19">
<kw name="Open Browser" library="SeleniumLibrary">
<arg>${URL}</arg>
<arg>${Browser}</arg>
<doc>Opens a new browser instance to the optional ``url``.</doc>
<msg timestamp="20230331 10:46:27.027" level="INFO">Opening browser 'chrome' to base url 'https://www.saucedemo.com'.</msg>
<status status="PASS" starttime="20230331 10:46:27.026" endtime="20230331 10:46:31.127"/>
</kw>
<kw name="Element Should Contain" library="SeleniumLibrary">
<arg>${Header}</arg>
<arg>${Text}</arg>
<doc>Verifies that element ``locator`` contains text ``expected``.</doc>
<msg timestamp="20230331 10:46:31.211" level="INFO">Element 'xpath://div[@class='login_logo']' contains text 'Swag Labs'.</msg>
<status status="PASS" starttime="20230331 10:46:31.127" endtime="20230331 10:46:31.213"/>
</kw>
<kw name="Input Text" library="SeleniumLibrary">
<arg>${Username}</arg>
<arg>${UsernameText}</arg>
<doc>Types the given ``text`` into the text field identified by ``locator``.</doc>
<msg timestamp="20230331 10:46:31.215" level="INFO">Typing text 'Admin' into text field 'id:user-name'.</msg>
<status status="PASS" starttime="20230331 10:46:31.213" endtime="20230331 10:46:31.450"/>
</kw>
<kw name="Input Text" library="SeleniumLibrary">
<arg>${Password}</arg>
<arg>${PasswordText}</arg>
<doc>Types the given ``text`` into the text field identified by ``locator``.</doc>
<msg timestamp="20230331 10:46:31.452" level="INFO">Typing text 'admin123' into text field 'id:password'.</msg>
<status status="PASS" starttime="20230331 10:46:31.450" endtime="20230331 10:46:31.602"/>
</kw>
<kw name="Press Keys" library="SeleniumLibrary">
<arg>${LoginButton}</arg>
<arg>${KeyName}</arg>
<doc>Simulates the user pressing key(s) to an element or on the active browser.</doc>
<msg timestamp="20230331 10:46:31.604" level="INFO">Sending key(s) ('ENTER',) to xpath:(//input[@id='login-button'])[1] element.</msg>
<msg timestamp="20230331 10:46:31.914" level="INFO">Pressing special key ENTER to element.</msg>
<msg timestamp="20230331 10:46:31.914" level="INFO">Releasing special key ENTER.</msg>
<status status="PASS" starttime="20230331 10:46:31.603" endtime="20230331 10:46:31.919"/>
</kw>
<status status="PASS" starttime="20230331 10:46:27.025" endtime="20230331 10:46:31.919"/>
</test>
<status status="PASS" starttime="20230331 10:46:26.779" endtime="20230331 10:46:31.920"/>
</suite>
<status status="PASS" starttime="20230331 10:46:26.759" endtime="20230331 10:46:31.921"/>
</suite>
<statistics>
<total>
<stat pass="1" fail="0" skip="0">All Tests</stat>
</total>
<tag>
</tag>
<suite>
<stat pass="1" fail="0" skip="0" id="s1" name="Suites">Suites</stat>
<stat pass="1" fail="0" skip="0" id="s1-s1" name="SecondScript">Suites.SecondScript</stat>
</suite>
</statistics>
<errors>
</errors>
</robot>
