<?xml version="1.0" encoding="UTF-8"?>
<robot generator="Robot 6.0.2 (Python 3.10.6 on win32)" generated="20230331 10:46:26.736" rpa="false" schemaversion="3">
<suite id="s1" name="Suites">
<suite id="s1-s1" name="FirstScript" source="C:\Users\Farasat Aziz\PycharmProjects\RTL\TestCases\FirstScript.robot">
<test id="s1-s1-t1" name="This is our first testcase" line="7">
<kw name="Open Browser" library="SeleniumLibrary">
<arg>https://www.saucedemo.com</arg>
<arg>chrome</arg>
<doc>Opens a new browser instance to the optional ``url``.</doc>
<msg timestamp="20230331 10:46:26.997" level="INFO">Opening browser 'chrome' to base url 'https://www.saucedemo.com'.</msg>
<status status="PASS" starttime="20230331 10:46:26.996" endtime="20230331 10:46:31.025"/>
</kw>
<kw name="Element Should Contain" library="SeleniumLibrary">
<arg>xpath://div[@class='login_logo']</arg>
<arg>Swag Labs</arg>
<doc>Verifies that element ``locator`` contains text ``expected``.</doc>
<msg timestamp="20230331 10:46:31.081" level="INFO">Element 'xpath://div[@class='login_logo']' contains text 'Swag Labs'.</msg>
<status status="PASS" starttime="20230331 10:46:31.025" endtime="20230331 10:46:31.081"/>
</kw>
<kw name="Close Browser" library="SeleniumLibrary">
<doc>Closes the current browser.</doc>
<status status="PASS" starttime="20230331 10:46:31.082" endtime="20230331 10:46:33.823"/>
</kw>
<status status="PASS" starttime="20230331 10:46:26.996" endtime="20230331 10:46:33.823"/>
</test>
<status status="PASS" starttime="20230331 10:46:26.763" endtime="20230331 10:46:33.824"/>
</suite>
<status status="PASS" starttime="20230331 10:46:26.746" endtime="20230331 10:46:33.825"/>
</suite>
<statistics>
<total>
<stat pass="1" fail="0" skip="0">All Tests</stat>
</total>
<tag>
</tag>
<suite>
<stat pass="1" fail="0" skip="0" id="s1" name="Suites">Suites</stat>
<stat pass="1" fail="0" skip="0" id="s1-s1" name="FirstScript">Suites.FirstScript</stat>
</suite>
</statistics>
<errors>
</errors>
</robot>
